  pch.cpp
  dllmain.cpp
C:\Users\stefa\OneDrive\Desktop\Stef Alin-Andrei\coords\dllmain.cpp(39,29): warning C4311: 'type cast': pointer truncation from 'int (*)[432]' to 'int'
C:\Users\stefa\OneDrive\Desktop\Stef Alin-Andrei\coords\dllmain.cpp(39,29): warning C4302: 'type cast': truncation from 'int (*)[432]' to 'int'
C:\Users\stefa\OneDrive\Desktop\Stef Alin-Andrei\coords\dllmain.cpp(44,28): warning C4311: 'type cast': pointer truncation from 'int (*)[202]' to 'int'
C:\Users\stefa\OneDrive\Desktop\Stef Alin-Andrei\coords\dllmain.cpp(44,28): warning C4302: 'type cast': truncation from 'int (*)[202]' to 'int'
C:\Users\stefa\OneDrive\Desktop\Stef Alin-Andrei\coords\dllmain.cpp(49,28): warning C4311: 'type cast': pointer truncation from 'int (*)[342]' to 'int'
C:\Users\stefa\OneDrive\Desktop\Stef Alin-Andrei\coords\dllmain.cpp(49,28): warning C4302: 'type cast': truncation from 'int (*)[342]' to 'int'
C:\Users\stefa\OneDrive\Desktop\Stef Alin-Andrei\coords\dllmain.cpp(54,30): warning C4311: 'type cast': pointer truncation from 'int (*)[324]' to 'int'
C:\Users\stefa\OneDrive\Desktop\Stef Alin-Andrei\coords\dllmain.cpp(54,30): warning C4302: 'type cast': truncation from 'int (*)[324]' to 'int'
C:\Users\stefa\OneDrive\Desktop\Stef Alin-Andrei\coords\dllmain.cpp(59,29): warning C4311: 'type cast': pointer truncation from 'int (*)[386]' to 'int'
C:\Users\stefa\OneDrive\Desktop\Stef Alin-Andrei\coords\dllmain.cpp(59,29): warning C4302: 'type cast': truncation from 'int (*)[386]' to 'int'
C:\Users\stefa\OneDrive\Desktop\Stef Alin-Andrei\coords\dllmain.cpp(64,29): warning C4311: 'type cast': pointer truncation from 'int (*)[336]' to 'int'
C:\Users\stefa\OneDrive\Desktop\Stef Alin-Andrei\coords\dllmain.cpp(64,29): warning C4302: 'type cast': truncation from 'int (*)[336]' to 'int'
C:\Users\stefa\OneDrive\Desktop\Stef Alin-Andrei\coords\dllmain.cpp(69,28): warning C4311: 'type cast': pointer truncation from 'int (*)[394]' to 'int'
C:\Users\stefa\OneDrive\Desktop\Stef Alin-Andrei\coords\dllmain.cpp(69,28): warning C4302: 'type cast': truncation from 'int (*)[394]' to 'int'
C:\Users\stefa\OneDrive\Desktop\Stef Alin-Andrei\coords\dllmain.cpp(74,30): warning C4311: 'type cast': pointer truncation from 'int (*)[258]' to 'int'
C:\Users\stefa\OneDrive\Desktop\Stef Alin-Andrei\coords\dllmain.cpp(74,30): warning C4302: 'type cast': truncation from 'int (*)[258]' to 'int'
C:\Users\stefa\OneDrive\Desktop\Stef Alin-Andrei\coords\dllmain.cpp(79,30): warning C4311: 'type cast': pointer truncation from 'int (*)[464]' to 'int'
C:\Users\stefa\OneDrive\Desktop\Stef Alin-Andrei\coords\dllmain.cpp(79,30): warning C4302: 'type cast': truncation from 'int (*)[464]' to 'int'
C:\Users\stefa\OneDrive\Desktop\Stef Alin-Andrei\coords\dllmain.cpp(84,29): warning C4311: 'type cast': pointer truncation from 'int (*)[396]' to 'int'
C:\Users\stefa\OneDrive\Desktop\Stef Alin-Andrei\coords\dllmain.cpp(84,29): warning C4302: 'type cast': truncation from 'int (*)[396]' to 'int'
C:\Users\stefa\OneDrive\Desktop\Stef Alin-Andrei\coords\dllmain.cpp(89,33): warning C4311: 'type cast': pointer truncation from 'int (*)[404]' to 'int'
C:\Users\stefa\OneDrive\Desktop\Stef Alin-Andrei\coords\dllmain.cpp(89,33): warning C4302: 'type cast': truncation from 'int (*)[404]' to 'int'
C:\Users\stefa\OneDrive\Desktop\Stef Alin-Andrei\coords\dllmain.cpp(94,33): warning C4311: 'type cast': pointer truncation from 'int (*)[202]' to 'int'
C:\Users\stefa\OneDrive\Desktop\Stef Alin-Andrei\coords\dllmain.cpp(94,33): warning C4302: 'type cast': truncation from 'int (*)[202]' to 'int'
C:\Users\stefa\OneDrive\Desktop\Stef Alin-Andrei\coords\dllmain.cpp(99,35): warning C4311: 'type cast': pointer truncation from 'int (*)[606]' to 'int'
C:\Users\stefa\OneDrive\Desktop\Stef Alin-Andrei\coords\dllmain.cpp(99,35): warning C4302: 'type cast': truncation from 'int (*)[606]' to 'int'
C:\Users\stefa\OneDrive\Desktop\Stef Alin-Andrei\coords\dllmain.cpp(104,32): warning C4311: 'type cast': pointer truncation from 'int (*)[324]' to 'int'
C:\Users\stefa\OneDrive\Desktop\Stef Alin-Andrei\coords\dllmain.cpp(104,32): warning C4302: 'type cast': truncation from 'int (*)[324]' to 'int'
C:\Users\stefa\OneDrive\Desktop\Stef Alin-Andrei\coords\dllmain.cpp(109,30): warning C4311: 'type cast': pointer truncation from 'int (*)[206]' to 'int'
C:\Users\stefa\OneDrive\Desktop\Stef Alin-Andrei\coords\dllmain.cpp(109,30): warning C4302: 'type cast': truncation from 'int (*)[206]' to 'int'
C:\Users\stefa\OneDrive\Desktop\Stef Alin-Andrei\coords\dllmain.cpp(114,30): warning C4311: 'type cast': pointer truncation from 'int (*)[404]' to 'int'
C:\Users\stefa\OneDrive\Desktop\Stef Alin-Andrei\coords\dllmain.cpp(114,30): warning C4302: 'type cast': truncation from 'int (*)[404]' to 'int'
     Creating library C:\Users\stefa\OneDrive\Desktop\Stef Alin-Andrei\x64\Debug\coords.lib and object C:\Users\stefa\OneDrive\Desktop\Stef Alin-Andrei\x64\Debug\coords.exp
  coords.vcxproj -> C:\Users\stefa\OneDrive\Desktop\Stef Alin-Andrei\x64\Debug\coords.dll
